<?xml version="1.0" encoding="UTF-8"?>
<!-- Generated by org.testng.reporters.JUnitReportReporter -->
<testsuite hostname="Tarun" failures="0" tests="2" name="com.framework.tarun.tests.Test1" time="7.920" errors="0" timestamp="2025-03-19T13:49:45 EDT" skipped="0">
  <testcase classname="com.framework.tarun.tests.Test1" name="signUp" time="6.968"/>
  <testcase classname="com.framework.tarun.tests.Test1" name="login" time="0.952"/>
</testsuite> <!-- com.framework.tarun.tests.Test1 -->
