<?xml version="1.0" encoding="UTF-8"?>
<!-- Generated by org.testng.reporters.JUnitReportReporter -->
<testsuite hostname="Tarun" failures="0" tests="1" name="com.framework.tarun.tests.Test1" time="7.656" errors="0" timestamp="2025-03-20T11:59:52 EDT" skipped="0">
  <testcase classname="com.framework.tarun.tests.Test1" name="testSignUp" time="7.656"/>
</testsuite> <!-- com.framework.tarun.tests.Test1 -->
