<?xml version="1.0" encoding="UTF-8"?>
<!-- Generated by org.testng.reporters.JUnitReportReporter -->
<testsuite hostname="Tarun" failures="0" tests="2" name="com.framework.tarun.tests.Test1" time="1.944" errors="0" timestamp="2025-03-11T22:14:04 EDT" skipped="0">
  <testcase classname="com.framework.tarun.tests.Test1" name="testing1" time="1.166"/>
  <testcase classname="com.framework.tarun.tests.Test1" name="testing2" time="0.778"/>
</testsuite> <!-- com.framework.tarun.tests.Test1 -->
